\BOOKMARK [1][-]{section.1}{\376\377\000I\000n\000t\000r\000o\000d\000u\000c\000t\000i\000o\000n}{}% 1
\BOOKMARK [2][-]{subsection.1.1}{\376\377\000B\000a\000c\000k\000g\000r\000o\000u\000n\000d}{section.1}% 2
\BOOKMARK [2][-]{subsection.1.2}{\376\377\000T\000h\000e\000\040\000D\000e\000s\000c\000r\000i\000p\000t\000i\000o\000n\000\040\000o\000f\000\040\000t\000h\000e\000\040\000P\000r\000o\000b\000l\000e\000m}{section.1}% 3
\BOOKMARK [2][-]{subsection.1.3}{\376\377\000O\000u\000r\000\040\000w\000o\000r\000k}{section.1}% 4
\BOOKMARK [1][-]{section.2}{\376\377\000A\000s\000s\000u\000m\000p\000t\000i\000o\000n\000s}{}% 5
\BOOKMARK [1][-]{section.3}{\376\377\000N\000o\000t\000a\000t\000i\000o\000n\000s}{}% 6
\BOOKMARK [1][-]{section.4}{\376\377\225\356\230\230\0001\377\032\211\302\117\027\142\225\171\150\117\060\213\241\152\041\127\213}{}% 7
\BOOKMARK [2][-]{subsection.4.1}{\376\377\225\356\230\230\122\126\147\220\116\016\136\372\152\041\173\126\165\145}{section.4}% 8
\BOOKMARK [2][-]{subsection.4.2}{\376\377\142\225\171\150\176\304\124\010\145\271\154\325}{section.4}% 9
\BOOKMARK [2][-]{subsection.4.3}{\376\377\127\372\176\277\152\041\127\213\377\032\136\102\137\213\142\225\171\150\120\107\213\276}{section.4}% 10
\BOOKMARK [2][-]{subsection.4.4}{\376\377\174\276\170\156\123\315\143\250\152\041\127\213\377\032\176\246\147\137\117\030\123\026\150\106\147\266}{section.4}% 11
\BOOKMARK [3][-]{subsubsection.4.4.1}{\376\377\142\225\171\150\120\117\131\175\126\340\133\120\166\204\133\146\116\140}{subsection.4.4}% 12
\BOOKMARK [3][-]{subsubsection.4.4.2}{\376\377\117\030\123\026\225\356\230\230\166\204\145\160\133\146\147\204\136\372}{subsection.4.4}% 13
\BOOKMARK [3][-]{subsubsection.4.4.3}{\376\377\000S\000L\000S\000Q\000P\173\227\154\325\154\102\211\343}{subsection.4.4}% 14
\BOOKMARK [2][-]{subsection.4.5}{\376\377\152\041\127\213\213\304\117\060\116\016\226\306\142\020\173\126\165\145}{section.4}% 15
\BOOKMARK [3][-]{subsubsection.4.5.1}{\376\377\116\000\201\364\140\047\136\246\221\317\117\123\174\373}{subsection.4.5}% 16
\BOOKMARK [3][-]{subsubsection.4.5.2}{\376\377\226\306\142\020\173\126\165\145\166\204\133\236\163\260}{subsection.4.5}% 17
\BOOKMARK [3][-]{subsubsection.4.5.3}{\376\377\116\015\170\156\133\232\140\047\166\204\117\040\144\255}{subsection.4.5}% 18
\BOOKMARK [3][-]{subsubsection.4.5.4}{\376\377\123\314\211\306\211\322\123\357\211\343\221\312\140\047}{subsection.4.5}% 19
\BOOKMARK [1][-]{section.5}{\376\377\000S\000e\000n\000s\000i\000t\000i\000v\000i\000t\000y\000\040\000A\000n\000a\000l\000y\000s\000i\000s}{}% 20
\BOOKMARK [1][-]{section.6}{\376\377\000M\000o\000d\000e\000l\000\040\000E\000v\000a\000l\000u\000a\000t\000i\000o\000n\000\040\000a\000n\000d\000\040\000P\000r\000o\000m\000o\000t\000i\000o\000n}{}% 21
\BOOKMARK [2][-]{subsection.6.1}{\376\377\000M\000o\000d\000e\000l\000\040\000E\000v\000a\000l\000u\000a\000t\000i\000o\000n}{section.6}% 22
\BOOKMARK [3][-]{subsubsection.6.1.1}{\376\377\000A\000d\000v\000a\000n\000t\000a\000g\000e\000s}{subsection.6.1}% 23
\BOOKMARK [3][-]{subsubsection.6.1.2}{\376\377\000L\000i\000m\000i\000t\000a\000t\000i\000o\000n\000s}{subsection.6.1}% 24
\BOOKMARK [2][-]{subsection.6.2}{\376\377\000F\000u\000t\000u\000r\000e\000\040\000W\000o\000r\000k}{section.6}% 25
\BOOKMARK [3][-]{subsubsection.6.2.1}{\376\377\000M\000o\000d\000e\000l\000\040\000e\000x\000t\000e\000n\000s\000i\000o\000n}{subsection.6.2}% 26
\BOOKMARK [3][-]{subsubsection.6.2.2}{\376\377\000M\000o\000d\000e\000l\000\040\000a\000p\000p\000l\000i\000c\000a\000t\000i\000o\000n}{subsection.6.2}% 27
\BOOKMARK [1][-]{section.7}{\376\377\000C\000o\000n\000c\000l\000u\000s\000i\000o\000n\000s}{}% 28
